<?xml version="1.0" encoding="UTF-8"?>
<testsuite xmlns:xsi="http://www.w3.org/2001/XMLSchema-instance" xsi:noNamespaceSchemaLocation="https://maven.apache.org/surefire/maven-surefire-plugin/xsd/surefire-test-report-3.0.xsd" version="3.0" name="pl.edu.wszib.jdbc.root.AuthTest" time="0.072" tests="5" errors="0" skipped="0" failures="0">
  <properties>
    <property name="java.specification.version" value="18"/>
    <property name="sun.jnu.encoding" value="UTF-8"/>
    <property name="java.class.path" value="/Users/szymondutka/Desktop/Studia Rok 3/Java Zaawansowana/laboratorium/Library/target/test-classes:/Users/szymondutka/Desktop/Studia Rok 3/Java Zaawansowana/laboratorium/Library/target/classes:/Users/szymondutka/.m2/repository/commons-codec/commons-codec/1.15/commons-codec-1.15.jar:/Users/szymondutka/.m2/repository/com/mysql/mysql-connector-j/8.0.32/mysql-connector-j-8.0.32.jar:/Users/szymondutka/.m2/repository/com/google/protobuf/protobuf-java/3.21.9/protobuf-java-3.21.9.jar:/Users/szymondutka/.m2/repository/org/junit/jupiter/junit-jupiter-api/5.9.2/junit-jupiter-api-5.9.2.jar:/Users/szymondutka/.m2/repository/org/opentest4j/opentest4j/1.2.0/opentest4j-1.2.0.jar:/Users/szymondutka/.m2/repository/org/junit/platform/junit-platform-commons/1.9.2/junit-platform-commons-1.9.2.jar:/Users/szymondutka/.m2/repository/org/apiguardian/apiguardian-api/1.1.2/apiguardian-api-1.1.2.jar:"/>
    <property name="java.vm.vendor" value="Oracle Corporation"/>
    <property name="sun.arch.data.model" value="64"/>
    <property name="java.vendor.url" value="https://java.oracle.com/"/>
    <property name="user.timezone" value="Europe/Warsaw"/>
    <property name="os.name" value="Mac OS X"/>
    <property name="java.vm.specification.version" value="18"/>
    <property name="sun.java.launcher" value="SUN_STANDARD"/>
    <property name="user.country" value="PL"/>
    <property name="sun.boot.library.path" value="/Users/szymondutka/Library/Java/JavaVirtualMachines/openjdk-18.0.2.1/Contents/Home/lib"/>
    <property name="sun.java.command" value="/Users/szymondutka/Desktop/Studia Rok 3/Java Zaawansowana/laboratorium/Library/target/surefire/surefirebooter-20230225131722068_3.jar /Users/szymondutka/Desktop/Studia Rok 3/Java Zaawansowana/laboratorium/Library/target/surefire 2023-02-25T13-17-21_483-jvmRun1 surefire-20230225131722068_1tmp surefire_0-20230225131722068_2tmp"/>
    <property name="http.nonProxyHosts" value="local|*.local|169.254/16|*.169.254/16"/>
    <property name="jdk.debug" value="release"/>
    <property name="surefire.test.class.path" value="/Users/szymondutka/Desktop/Studia Rok 3/Java Zaawansowana/laboratorium/Library/target/test-classes:/Users/szymondutka/Desktop/Studia Rok 3/Java Zaawansowana/laboratorium/Library/target/classes:/Users/szymondutka/.m2/repository/commons-codec/commons-codec/1.15/commons-codec-1.15.jar:/Users/szymondutka/.m2/repository/com/mysql/mysql-connector-j/8.0.32/mysql-connector-j-8.0.32.jar:/Users/szymondutka/.m2/repository/com/google/protobuf/protobuf-java/3.21.9/protobuf-java-3.21.9.jar:/Users/szymondutka/.m2/repository/org/junit/jupiter/junit-jupiter-api/5.9.2/junit-jupiter-api-5.9.2.jar:/Users/szymondutka/.m2/repository/org/opentest4j/opentest4j/1.2.0/opentest4j-1.2.0.jar:/Users/szymondutka/.m2/repository/org/junit/platform/junit-platform-commons/1.9.2/junit-platform-commons-1.9.2.jar:/Users/szymondutka/.m2/repository/org/apiguardian/apiguardian-api/1.1.2/apiguardian-api-1.1.2.jar:"/>
    <property name="sun.cpu.endian" value="little"/>
    <property name="user.home" value="/Users/szymondutka"/>
    <property name="user.language" value="en"/>
    <property name="java.specification.vendor" value="Oracle Corporation"/>
    <property name="java.version.date" value="2022-08-18"/>
    <property name="java.home" value="/Users/szymondutka/Library/Java/JavaVirtualMachines/openjdk-18.0.2.1/Contents/Home"/>
    <property name="file.separator" value="/"/>
    <property name="basedir" value="/Users/szymondutka/Desktop/Studia Rok 3/Java Zaawansowana/laboratorium/Library"/>
    <property name="java.vm.compressedOopsMode" value="Zero based"/>
    <property name="line.separator" value="&#10;"/>
    <property name="java.vm.specification.vendor" value="Oracle Corporation"/>
    <property name="java.specification.name" value="Java Platform API Specification"/>
    <property name="apple.awt.application.name" value="ForkedBooter"/>
    <property name="surefire.real.class.path" value="/Users/szymondutka/Desktop/Studia Rok 3/Java Zaawansowana/laboratorium/Library/target/surefire/surefirebooter-20230225131722068_3.jar"/>
    <property name="sun.management.compiler" value="HotSpot 64-Bit Tiered Compilers"/>
    <property name="ftp.nonProxyHosts" value="local|*.local|169.254/16|*.169.254/16"/>
    <property name="java.runtime.version" value="18.0.2.1+1-1"/>
    <property name="user.name" value="szymondutka"/>
    <property name="path.separator" value=":"/>
    <property name="os.version" value="13.2.1"/>
    <property name="java.runtime.name" value="OpenJDK Runtime Environment"/>
    <property name="file.encoding" value="UTF-8"/>
    <property name="java.vm.name" value="OpenJDK 64-Bit Server VM"/>
    <property name="localRepository" value="/Users/szymondutka/.m2/repository"/>
    <property name="java.vendor.url.bug" value="https://bugreport.java.com/bugreport/"/>
    <property name="java.io.tmpdir" value="/var/folders/9f/_x9_1xyx3dlgsfd9pp7sscjm0000gn/T/"/>
    <property name="idea.version" value="2022.3.2"/>
    <property name="java.version" value="18.0.2.1"/>
    <property name="user.dir" value="/Users/szymondutka/Desktop/Studia Rok 3/Java Zaawansowana/laboratorium/Library"/>
    <property name="os.arch" value="x86_64"/>
    <property name="java.vm.specification.name" value="Java Virtual Machine Specification"/>
    <property name="native.encoding" value="UTF-8"/>
    <property name="java.library.path" value="/Users/szymondutka/Library/Java/Extensions:/Library/Java/Extensions:/Network/Library/Java/Extensions:/System/Library/Java/Extensions:/usr/lib/java:."/>
    <property name="java.vm.info" value="mixed mode, sharing"/>
    <property name="java.vendor" value="Oracle Corporation"/>
    <property name="java.vm.version" value="18.0.2.1+1-1"/>
    <property name="sun.io.unicode.encoding" value="UnicodeBig"/>
    <property name="socksNonProxyHosts" value="local|*.local|169.254/16|*.169.254/16"/>
    <property name="java.class.version" value="62.0"/>
  </properties>
  <testcase name="testAuthenticationWithNonMatchingCredentials" classname="pl.edu.wszib.jdbc.root.AuthTest" time="0.008">
    <system-out><![CDATA[Przygotowanie przed wszystkimi testami 
Przygotowanie do testu
czyszczenie po teście
]]></system-out>
  </testcase>
  <testcase name="testAuthentication" classname="pl.edu.wszib.jdbc.root.AuthTest" time="0.029">
    <system-out><![CDATA[Przygotowanie do testu
czyszczenie po teście
]]></system-out>
  </testcase>
  <testcase name="testAuthenticationWithMatchingCredentials" classname="pl.edu.wszib.jdbc.root.AuthTest" time="0.009">
    <system-out><![CDATA[Przygotowanie do testu
czyszczenie po teście
]]></system-out>
  </testcase>
  <testcase name="testValidateWithNonMatchingCredentials" classname="pl.edu.wszib.jdbc.root.AuthTest" time="0.003">
    <system-out><![CDATA[Przygotowanie do testu
czyszczenie po teście
]]></system-out>
  </testcase>
  <testcase name="testValidateWithMatchingCredentials" classname="pl.edu.wszib.jdbc.root.AuthTest" time="0.002">
    <system-out><![CDATA[Przygotowanie do testu
czyszczenie po teście
]]></system-out>
  </testcase>
</testsuite>